<?xml version="1.0" encoding="UTF-8"?>
<testng-results skipped="0" failed="0" ignored="0" total="1" passed="1">
  <reporter-output>
  </reporter-output>
  <suite name="Default suite" duration-ms="33130" started-at="2020-07-29T10:12:12Z" finished-at="2020-07-29T10:12:45Z">
    <groups>
    </groups>
    <test name="Default test" duration-ms="33130" started-at="2020-07-29T10:12:12Z" finished-at="2020-07-29T10:12:45Z">
      <class name="grid.GridEg">
        <test-method status="PASS" signature="test()[pri:0, instance:grid.GridEg@20e2cbe0]" name="test" duration-ms="33071" started-at="2020-07-29T15:42:12Z" finished-at="2020-07-29T15:42:45Z">
          <reporter-output>
          </reporter-output>
        </test-method> <!-- test -->
      </class> <!-- grid.GridEg -->
    </test> <!-- Default test -->
  </suite> <!-- Default suite -->
</testng-results>
