<?xml version="1.0" encoding="UTF-8"?>
<!-- Generated by org.testng.reporters.JUnitXMLReporter -->
<testsuite hostname="DESKTOP-ASB5QBL" ignored="4" name="Test" tests="2" failures="0" timestamp="24 Jul 2020 14:54:42 GMT" time="35.25" errors="0">
  <testcase name="org_EmpReg" time="7.661" classname="testNG.EmpRegTC"/>
  <testcase name="org_Userreg" time="16.452" classname="testNG.UserRegTC"/>
  <testcase name="@AfterSuite org_Close" time="0.0" classname="testNG.TestNGMaster">
    <ignored/>
  </testcase> <!-- @AfterSuite org_Close -->
  <testcase name="@BeforeTest org_Login" time="0.0" classname="testNG.TestNGMaster">
    <ignored/>
  </testcase> <!-- @BeforeTest org_Login -->
  <testcase name="@BeforeSuite org_Launch" time="0.0" classname="testNG.TestNGMaster">
    <ignored/>
  </testcase> <!-- @BeforeSuite org_Launch -->
  <testcase name="@AfterTest org_Logout" time="0.0" classname="testNG.TestNGMaster">
    <ignored/>
  </testcase> <!-- @AfterTest org_Logout -->
</testsuite> <!-- Test -->
